#
# There is insufficient memory for the Java Runtime Environment to continue.
# Native memory allocation (mmap) failed to map 268435456 bytes for G1 virtual space
# Possible reasons:
#   The system is out of physical RAM or swap space
#   The process is running with CompressedOops enabled, and the Java Heap may be blocking the growth of the native heap
# Possible solutions:
#   Reduce memory load on the system
#   Increase physical memory or swap space
#   Check if swap backing store is full
#   Decrease Java heap size (-Xmx/-Xms)
#   Decrease number of Java threads
#   Decrease Java thread stack sizes (-Xss)
#   Set larger code cache with -XX:ReservedCodeCacheSize=
#   JVM is running with Zero Based Compressed Oops mode in which the Java heap is
#     placed in the first 32GB address space. The Java Heap base address is the
#     maximum limit for the native heap growth. Please use -XX:HeapBaseMinAddress
#     to set the Java Heap base and to place the Java Heap above 32GB virtual address.
# This output file may be truncated or incomplete.
#
#  Out of Memory Error (os_windows.cpp:3550), pid=1528, tid=14288
#
# JRE version:  (17.0.8+9) (build )
# Java VM: Java HotSpot(TM) 64-Bit Server VM (17.0.8+9-LTS-211, mixed mode, sharing, tiered, compressed oops, compressed class ptrs, g1 gc, windows-amd64)
# No core dump will be written. Minidumps are not enabled by default on client versions of Windows
#

---------------  S U M M A R Y ------------

Command Line: -Dfile.encoding=UTF-8 -Dstdout.encoding=UTF-8 -Dstderr.encoding=UTF-8 -XX:+ShowCodeDetailsInExceptionMessages com.franciscoramirezpaton.tarea3.MaquinaExpendedora

Host: AMD Ryzen 3 3200G with Radeon Vega Graphics    , 4 cores, 15G,  Windows 10 , 64 bit Build 19041 (10.0.19041.3636)
Time: Mon Jan 15 21:34:32 2024 Hora estándar romance elapsed time: 0.015448 seconds (0d 0h 0m 0s)

---------------  T H R E A D  ---------------

Current thread (0x00000281b65fda20):  JavaThread "Unknown thread" [_thread_in_vm, id=14288, stack(0x000000b302600000,0x000000b302700000)]

Stack: [0x000000b302600000,0x000000b302700000]
Native frames: (J=compiled Java code, j=interpreted, Vv=VM code, C=native code)
V  [jvm.dll+0x677d0a]
V  [jvm.dll+0x7d8c54]
V  [jvm.dll+0x7da3fe]
V  [jvm.dll+0x7daa63]
V  [jvm.dll+0x245c5f]
V  [jvm.dll+0x674bb9]
V  [jvm.dll+0x6694f2]
V  [jvm.dll+0x3031d6]
V  [jvm.dll+0x30a756]
V  [jvm.dll+0x359f9e]
V  [jvm.dll+0x35a1cf]
V  [jvm.dll+0x2da3e8]
V  [jvm.dll+0x2db354]
V  [jvm.dll+0x7aa711]
V  [jvm.dll+0x367b51]
V  [jvm.dll+0x789979]
V  [jvm.dll+0x3eb05f]
V  [jvm.dll+0x3ecae1]
C  [jli.dll+0x5297]
C  [ucrtbase.dll+0x21bb2]
C  [KERNEL32.DLL+0x17344]
C  [ntdll.dll+0x526b1]


---------------  P R O C E S S  ---------------

Threads class SMR info:
_java_thread_list=0x00007ffef6f059d8, length=0, elements={
}

Java Threads: ( => current thread )

Other Threads:
  0x00000281b66681a0 GCTaskThread "GC Thread#0" [stack: 0x000000b302700000,0x000000b302800000] [id=5060]
  0x00000281b667a6a0 ConcurrentGCThread "G1 Main Marker" [stack: 0x000000b302800000,0x000000b302900000] [id=11972]
  0x00000281b667afd0 ConcurrentGCThread "G1 Conc#0" [stack: 0x000000b302900000,0x000000b302a00000] [id=520]

[error occurred during error reporting (printing all threads), id 0xc0000005, EXCEPTION_ACCESS_VIOLATION (0xc0000005) at pc=0x00007ffef673b047]

VM state: not at safepoint (not fully initialized)

VM Mutex/Monitor currently owned by a thread:  ([mutex/lock_event])
[0x00000281b65f8340] Heap_lock - owner thread: 0x00000281b65fda20

Heap address: 0x0000000701000000, size: 4080 MB, Compressed Oops mode: Zero based, Oop shift amount: 3

CDS archive(s) mapped at: [0x0000000000000000-0x0000000000000000-0x0000000000000000), size 0, SharedBaseAddress: 0x0000000800000000, ArchiveRelocationMode: 1.
Narrow klass base: 0x0000000000000000, Narrow klass shift: 0, Narrow klass range: 0x0

GC Precious Log:
<Empty>

Heap:
 garbage-first heap   total 0K, used 0K [0x0000000701000000, 0x0000000800000000)
  region size 2048K, 0 young (0K), 0 survivors (0K)

[error occurred during error reporting (printing heap information), id 0xc0000005, EXCEPTION_ACCESS_VIOLATION (0xc0000005) at pc=0x00007ffef6b21499]

GC Heap History (0 events):
No events

Deoptimization events (0 events):
No events

Classes unloaded (0 events):
No events

Classes redefined (0 events):
No events

Internal exceptions (0 events):
No events

VM Operations (0 events):
No events

Events (1 events):
Event: 0.011 Loaded shared library C:\Program Files\Java\jdk-17\bin\java.dll


Dynamic libraries:
0x00007ff681050000 - 0x00007ff681060000 	C:\Program Files\Java\jdk-17\bin\javaw.exe
0x00007fff4a710000 - 0x00007fff4a908000 	C:\WINDOWS\SYSTEM32\ntdll.dll
0x00007fff4a570000 - 0x00007fff4a62d000 	C:\WINDOWS\System32\KERNEL32.DLL
0x00007fff480f0000 - 0x00007fff483e6000 	C:\WINDOWS\System32\KERNELBASE.dll
0x00007fff47fc0000 - 0x00007fff480c0000 	C:\WINDOWS\System32\ucrtbase.dll
0x00007fff37f90000 - 0x00007fff37fa9000 	C:\Program Files\Java\jdk-17\bin\jli.dll
0x00007fff48b50000 - 0x00007fff48bff000 	C:\WINDOWS\System32\ADVAPI32.dll
0x00007fff4a4d0000 - 0x00007fff4a56e000 	C:\WINDOWS\System32\msvcrt.dll
0x00007fff491b0000 - 0x00007fff4924c000 	C:\WINDOWS\System32\sechost.dll
0x00007fff4a220000 - 0x00007fff4a346000 	C:\WINDOWS\System32\RPCRT4.dll
0x00007fff49010000 - 0x00007fff491ae000 	C:\WINDOWS\System32\USER32.dll
0x00007fff38550000 - 0x00007fff3856b000 	C:\Program Files\Java\jdk-17\bin\VCRUNTIME140.dll
0x00007fff480c0000 - 0x00007fff480e2000 	C:\WINDOWS\System32\win32u.dll
0x00007fff48770000 - 0x00007fff4879c000 	C:\WINDOWS\System32\GDI32.dll
0x00007fff48580000 - 0x00007fff4869a000 	C:\WINDOWS\System32\gdi32full.dll
0x00007fff486a0000 - 0x00007fff4873d000 	C:\WINDOWS\System32\msvcp_win.dll
0x00007fff37c30000 - 0x00007fff37eca000 	C:\WINDOWS\WinSxS\amd64_microsoft.windows.common-controls_6595b64144ccf1df_6.0.19041.3636_none_60b6a03d71f818d5\COMCTL32.dll
0x00007fff414e0000 - 0x00007fff414ea000 	C:\WINDOWS\SYSTEM32\VERSION.dll
0x00007fff4a690000 - 0x00007fff4a6c0000 	C:\WINDOWS\System32\IMM32.DLL
0x00007fff43be0000 - 0x00007fff43bec000 	C:\Program Files\Java\jdk-17\bin\vcruntime140_1.dll
0x00007fff375a0000 - 0x00007fff3762e000 	C:\Program Files\Java\jdk-17\bin\msvcp140.dll
0x00007ffef6450000 - 0x00007ffef702e000 	C:\Program Files\Java\jdk-17\bin\server\jvm.dll
0x00007fff4a6c0000 - 0x00007fff4a6c8000 	C:\WINDOWS\System32\PSAPI.DLL
0x00007fff3ea80000 - 0x00007fff3eaa7000 	C:\WINDOWS\SYSTEM32\WINMM.dll
0x00007fff43930000 - 0x00007fff43939000 	C:\WINDOWS\SYSTEM32\WSOCK32.dll
0x00007fff4a400000 - 0x00007fff4a46b000 	C:\WINDOWS\System32\WS2_32.dll
0x00007fff45c90000 - 0x00007fff45ca2000 	C:\WINDOWS\SYSTEM32\kernel.appcore.dll
0x00007fff43230000 - 0x00007fff4323a000 	C:\Program Files\Java\jdk-17\bin\jimage.dll
0x00007fff3e140000 - 0x00007fff3e324000 	C:\WINDOWS\SYSTEM32\DBGHELP.DLL
0x00007fff238e0000 - 0x00007fff23914000 	C:\WINDOWS\SYSTEM32\dbgcore.DLL
0x00007fff483f0000 - 0x00007fff48472000 	C:\WINDOWS\System32\bcryptPrimitives.dll
0x00007fff37570000 - 0x00007fff37595000 	C:\Program Files\Java\jdk-17\bin\java.dll

dbghelp: loaded successfully - version: 4.0.5 - missing functions: none
symbol engine: initialized successfully - sym options: 0x614 - pdb path: .;C:\Program Files\Java\jdk-17\bin;C:\WINDOWS\SYSTEM32;C:\WINDOWS\WinSxS\amd64_microsoft.windows.common-controls_6595b64144ccf1df_6.0.19041.3636_none_60b6a03d71f818d5;C:\Program Files\Java\jdk-17\bin\server

VM Arguments:
jvm_args: -Dfile.encoding=UTF-8 -Dstdout.encoding=UTF-8 -Dstderr.encoding=UTF-8 -XX:+ShowCodeDetailsInExceptionMessages 
java_command: com.franciscoramirezpaton.tarea3.MaquinaExpendedora
java_class_path (initial): D:\DAW\repositorios\repositorio_daw\repo_prog\Tarea3CadenasArrays\bin;D:\DAW\Programacion\Java Clases\commons-lang3-3.13.0.jar
Launcher Type: SUN_STANDARD

[Global flags]
     intx CICompilerCount                          = 3                                         {product} {ergonomic}
     uint ConcGCThreads                            = 1                                         {product} {ergonomic}
     uint G1ConcRefinementThreads                  = 4                                         {product} {ergonomic}
   size_t G1HeapRegionSize                         = 2097152                                   {product} {ergonomic}
    uintx GCDrainStackTargetSize                   = 64                                        {product} {ergonomic}
   size_t InitialHeapSize                          = 268435456                                 {product} {ergonomic}
   size_t MarkStackSize                            = 4194304                                   {product} {ergonomic}
   size_t MaxHeapSize                              = 4278190080                                {product} {ergonomic}
   size_t MinHeapDeltaBytes                        = 2097152                                   {product} {ergonomic}
   size_t MinHeapSize                              = 8388608                                   {product} {ergonomic}
    uintx NonNMethodCodeHeapSize                   = 5832780                                {pd product} {ergonomic}
    uintx NonProfiledCodeHeapSize                  = 122912730                              {pd product} {ergonomic}
    uintx ProfiledCodeHeapSize                     = 122912730                              {pd product} {ergonomic}
    uintx ReservedCodeCacheSize                    = 251658240                              {pd product} {ergonomic}
     bool SegmentedCodeCache                       = true                                      {product} {ergonomic}
     bool ShowCodeDetailsInExceptionMessages       = true                                   {manageable} {command line}
   size_t SoftMaxHeapSize                          = 4278190080                             {manageable} {ergonomic}
     bool UseCompressedClassPointers               = true                           {product lp64_product} {ergonomic}
     bool UseCompressedOops                        = true                           {product lp64_product} {ergonomic}
     bool UseG1GC                                  = true                                      {product} {ergonomic}
     bool UseLargePagesIndividualAllocation        = false                                  {pd product} {ergonomic}

Logging:
Log output configuration:
 #0: stdout all=warning uptime,level,tags
 #1: stderr all=off uptime,level,tags

Environment Variables:
JAVA_HOME=C:\Program Files\Java\jdk-17
PATH=C:\Program Files\Common Files\Oracle\Java\javapath;C:\Program Files (x86)\Common Files\Oracle\Java\javapath;C:\Windows\system32;C:\Windows;C:\Windows\System32\Wbem;C:\Windows\System32\WindowsPowerShell\v1.0\;C:\Windows\System32\OpenSSH\;C:\Program Files (x86)\NVIDIA Corporation\PhysX\Common;C:\Program Files\NVIDIA Corporation\NVIDIA NvDLISR;C:\WINDOWS\system32;C:\WINDOWS;C:\WINDOWS\System32\Wbem;C:\WINDOWS\System32\WindowsPowerShell\v1.0\;C:\WINDOWS\System32\OpenSSH\;C:\Program Files\Microsoft SQL Server\130\Tools\Binn\;C:\Program Files\dotnet\;C:\Program Files\AutoFirma\AutoFirma;C:\Program Files\Microsoft SQL Server\150\Tools\Binn\;C:\Program Files\Microsoft SQL Server\Client SDK\ODBC\170\Tools\Binn\;C:\Program Files\Git\cmd;C:\Program Files\nodejs\;C:\xampp\php;C:\ProgramData\ComposerSetup\bin;C:\Users\Fran\.console-ninja\.bin;C:\Users\Fran\AppData\Local\Programs\Python\Python39\Scripts\;C:\Users\Fran\AppData\Local\Programs\Python\Python39\;C:\Users\Fran\AppData\Local\Microsoft\WindowsApps;C:\Users\Fran\.dotnet\tools;C:\Users\Fran\AppData\Roaming\npm;C:\Users\Fran\AppData\Local\Programs\oh-my-posh\bin;C:\Users\Fran\AppData\Roaming\Composer\vendor\bin;C:\Users\Fran\AppData\Local\Programs\Microsoft VS Code\bin
USERNAME=Fran
OS=Windows_NT
PROCESSOR_IDENTIFIER=AMD64 Family 23 Model 24 Stepping 1, AuthenticAMD



---------------  S Y S T E M  ---------------

OS:
 Windows 10 , 64 bit Build 19041 (10.0.19041.3636)
OS uptime: 10 days 6:00 hours
Hyper-V role detected

CPU: total 4 (initial active 4) (4 cores per cpu, 1 threads per core) family 23 model 24 stepping 1 microcode 0x0, cx8, cmov, fxsr, mmx, 3dnowpref, sse, sse2, sse3, ssse3, sse4a, sse4.1, sse4.2, popcnt, lzcnt, tsc, tscinvbit, avx, avx2, aes, clmul, bmi1, bmi2, adx, sha, fma, vzeroupper, clflush, clflushopt, hv

Memory: 4k page, system-wide physical 16315M (8279M free)
TotalPageFile size 65467M (AvailPageFile size 118M)
current process WorkingSet (physical memory assigned to process): 10M, peak: 10M
current process commit charge ("private bytes"): 52M, peak: 308M

vm_info: Java HotSpot(TM) 64-Bit Server VM (17.0.8+9-LTS-211) for windows-amd64 JRE (17.0.8+9-LTS-211), built on Jun 14 2023 10:34:31 by "mach5one" with MS VC++ 17.1 (VS2022)

END.
